-------------------------------------------------------------------------------
Test set: com.example.rak.service.UserServiceTest
-------------------------------------------------------------------------------
Tests run: 5, Failures: 2, Errors: 2, Skipped: 0, Time elapsed: 0.531 s <<< FAILURE! -- in com.example.rak.service.UserServiceTest
com.example.rak.service.UserServiceTest.testChangePassword_Success -- Time elapsed: 0.200 s <<< ERROR!
org.mockito.exceptions.misusing.MissingMethodInvocationException: 

when() requires an argument which has to be 'a method call on a mock'.
For example:
    when(mock.getArticles()).thenReturn(articles);

Also, this error might show up because:
1. you stub either of: final/private/equals()/hashCode() methods.
   Those methods *cannot* be stubbed/verified.
   Mocking methods declared on non-public parent classes is not supported.
2. inside when() you don't call method on mock but on some other object.

	at com.example.rak.service.UserServiceTest.testChangePassword_Success(UserServiceTest.java:85)
	at java.base/java.lang.reflect.Method.invoke(Method.java:568)
	at java.base/java.util.ArrayList.forEach(ArrayList.java:1511)
	at java.base/java.util.ArrayList.forEach(ArrayList.java:1511)

com.example.rak.service.UserServiceTest.testChangePassword_Failure -- Time elapsed: 0.066 s <<< FAILURE!
org.opentest4j.AssertionFailedError: Unexpected exception type thrown, expected: <java.lang.IllegalArgumentException> but was: <java.lang.NullPointerException>
	at org.junit.jupiter.api.AssertionFailureBuilder.build(AssertionFailureBuilder.java:151)
	at org.junit.jupiter.api.AssertThrows.assertThrows(AssertThrows.java:67)
	at org.junit.jupiter.api.AssertThrows.assertThrows(AssertThrows.java:35)
	at org.junit.jupiter.api.Assertions.assertThrows(Assertions.java:3115)
	at com.example.rak.service.UserServiceTest.testChangePassword_Failure(UserServiceTest.java:95)
	at java.base/java.lang.reflect.Method.invoke(Method.java:568)
	at java.base/java.util.ArrayList.forEach(ArrayList.java:1511)
	at java.base/java.util.ArrayList.forEach(ArrayList.java:1511)
Caused by: java.lang.NullPointerException: Cannot invoke "org.springframework.security.crypto.password.PasswordEncoder.encode(java.lang.CharSequence)" because "this.passwordEncoder" is null
	at com.example.rak.services.UsersService.lambda$updateUserPassword$1(UsersService.java:44)
	at java.base/java.util.Optional.map(Optional.java:260)
	at com.example.rak.services.UsersService.updateUserPassword(UsersService.java:43)
	at com.example.rak.service.UserServiceTest.lambda$testChangePassword_Failure$0(UserServiceTest.java:96)
	at org.junit.jupiter.api.AssertThrows.assertThrows(AssertThrows.java:53)
	... 6 more

com.example.rak.service.UserServiceTest.testCreateUser -- Time elapsed: 0.129 s <<< ERROR!
org.mockito.exceptions.misusing.WrongTypeOfReturnValue: 

String cannot be returned by findById()
findById() should return Optional
***
If you're unsure why you're getting above error read on.
Due to the nature of the syntax above problem might occur because:
1. This exception *might* occur in wrongly written multi-threaded tests.
   Please refer to Mockito FAQ on limitations of concurrency testing.
2. A spy is stubbed using when(spy.foo()).then() syntax. It is safer to stub spies - 
   - with doReturn|Throw() family of methods. More in javadocs for Mockito.spy() method.

	at com.example.rak.service.UserServiceTest.testCreateUser(UserServiceTest.java:50)
	at java.base/java.lang.reflect.Method.invoke(Method.java:568)
	at java.base/java.util.ArrayList.forEach(ArrayList.java:1511)
	at java.base/java.util.ArrayList.forEach(ArrayList.java:1511)

com.example.rak.service.UserServiceTest.testDeleteUser -- Time elapsed: 0.067 s <<< FAILURE!
Wanted but not invoked:
userRepository.deleteById(1L);
-> at com.example.rak.service.UserServiceTest.testDeleteUser(UserServiceTest.java:72)

However, there was exactly 1 interaction with this mock:
userRepository.findById(1L);
-> at com.example.rak.services.UsersService.deleteUserById(UsersService.java:50)


	at com.example.rak.service.UserServiceTest.testDeleteUser(UserServiceTest.java:72)
	at java.base/java.lang.reflect.Method.invoke(Method.java:568)
	at java.base/java.util.ArrayList.forEach(ArrayList.java:1511)
	at java.base/java.util.ArrayList.forEach(ArrayList.java:1511)

